Build started 2014-09-18 22:39:37.
     1>Project "C:\Users\anton\documents\visual studio 2013\Projects\Lab1\Lab1\Lab1.vcxproj" on node 2 (Build target(s)).
     1>ClCompile:
         C:\Program Files (x86)\Microsoft Visual Studio 12.0\VC\bin\CL.exe /c /ZI /nologo /W3 /WX- /Od /Oy- /D WIN32 /D _DEBUG /D _CONSOLE /D _LIB /D _UNICODE /D UNICODE /Gm /EHsc /RTC1 /MDd /GS /fp:precise /Zc:wchar_t /Zc:forScope /Fo"Debug\\" /Fd"Debug\vc120.pdb" /Gd /TP /analyze- /errorReport:prompt Main.cpp
         Main.cpp
     1>c:\users\anton\documents\visual studio 2013\projects\lab1\lab1\main.cpp(13): error C3867: 'std::basic_string<char,std::char_traits<char>,std::allocator<char>>::back': function call missing argument list; use '&std::basic_string<char,std::char_traits<char>,std::allocator<char>>::back' to create a pointer to member
     1>c:\users\anton\documents\visual studio 2013\projects\lab1\lab1\main.cpp(15): error C3867: 'std::basic_string<char,std::char_traits<char>,std::allocator<char>>::back': function call missing argument list; use '&std::basic_string<char,std::char_traits<char>,std::allocator<char>>::back' to create a pointer to member
     1>c:\users\anton\documents\visual studio 2013\projects\lab1\lab1\main.cpp(15): error C2051: case expression not constant
     1>c:\users\anton\documents\visual studio 2013\projects\lab1\lab1\main.cpp(17): error C3867: 'std::basic_string<char,std::char_traits<char>,std::allocator<char>>::pop_back': function call missing argument list; use '&std::basic_string<char,std::char_traits<char>,std::allocator<char>>::pop_back' to create a pointer to member
     1>c:\users\anton\documents\visual studio 2013\projects\lab1\lab1\main.cpp(19): error C3867: 'std::basic_string<char,std::char_traits<char>,std::allocator<char>>::back': function call missing argument list; use '&std::basic_string<char,std::char_traits<char>,std::allocator<char>>::back' to create a pointer to member
     1>c:\users\anton\documents\visual studio 2013\projects\lab1\lab1\main.cpp(19): error C2051: case expression not constant
     1>c:\users\anton\documents\visual studio 2013\projects\lab1\lab1\main.cpp(26): error C3867: 'std::basic_string<char,std::char_traits<char>,std::allocator<char>>::pop_back': function call missing argument list; use '&std::basic_string<char,std::char_traits<char>,std::allocator<char>>::pop_back' to create a pointer to member
     1>c:\users\anton\documents\visual studio 2013\projects\lab1\lab1\main.cpp(28): warning C4065: switch statement contains 'default' but no 'case' labels
     1>Done Building Project "C:\Users\anton\documents\visual studio 2013\Projects\Lab1\Lab1\Lab1.vcxproj" (Build target(s)) -- FAILED.

Build FAILED.

Time Elapsed 00:00:00.30
